  main.cpp
C:\Users\Hp\Desktop\C++ progs\Ball connect\game.cpp(131,31): warning C4244: 'initializing': conversion from 'float' to 'int', possible loss of data
  (compiling source file 'main.cpp')
  
C:\Users\Hp\Desktop\C++ progs\Ball connect\game.cpp(136,17): warning C4244: '=': conversion from 'int' to 'float', possible loss of data
  (compiling source file 'main.cpp')
  
C:\Users\Hp\Desktop\C++ progs\Ball connect\game.cpp(137,16): warning C4244: '=': conversion from 'int' to 'float', possible loss of data
  (compiling source file 'main.cpp')
  
C:\Users\Hp\Desktop\C++ progs\Ball connect\game.cpp(145,17): warning C4244: '=': conversion from 'int' to 'float', possible loss of data
  (compiling source file 'main.cpp')
  
C:\Users\Hp\Desktop\C++ progs\Ball connect\game.cpp(146,16): warning C4244: '=': conversion from 'int' to 'float', possible loss of data
  (compiling source file 'main.cpp')
  
C:\Users\Hp\Desktop\C++ progs\Ball connect\game.cpp(188,17): warning C4244: 'initializing': conversion from 'float' to 'int', possible loss of data
  (compiling source file 'main.cpp')
  
C:\Users\Hp\Desktop\C++ progs\Ball connect\main.cpp(38,66): warning C4244: 'argument': conversion from 'unsigned int' to 'T', possible loss of data
C:\Users\Hp\Desktop\C++ progs\Ball connect\main.cpp(38,66): warning C4244:         with
C:\Users\Hp\Desktop\C++ progs\Ball connect\main.cpp(38,66): warning C4244:         [
C:\Users\Hp\Desktop\C++ progs\Ball connect\main.cpp(38,66): warning C4244:             T=float
C:\Users\Hp\Desktop\C++ progs\Ball connect\main.cpp(38,66): warning C4244:         ]
C:\Users\Hp\Desktop\C++ progs\Ball connect\main.cpp(38,48): warning C4244: 'argument': conversion from 'unsigned int' to 'T', possible loss of data
C:\Users\Hp\Desktop\C++ progs\Ball connect\main.cpp(38,48): warning C4244:         with
C:\Users\Hp\Desktop\C++ progs\Ball connect\main.cpp(38,48): warning C4244:         [
C:\Users\Hp\Desktop\C++ progs\Ball connect\main.cpp(38,48): warning C4244:             T=float
C:\Users\Hp\Desktop\C++ progs\Ball connect\main.cpp(38,48): warning C4244:         ]
  Generating code
  25 of 557 functions ( 4.5%) were compiled, the rest were copied from previous compilation.
    2 functions were new in current compilation
    5 functions had inline decision re-evaluated but remain unchanged
  Finished generating code
  Ball connect.vcxproj -> C:\Users\Hp\Desktop\C++ progs\Ball connect\bin\Release\Ball connect.exe
